SF:src/PartitionedMPSs.jl
DA:16,0
DA:17,47
LH:1
LF:2
end_of_record
SF:src/adaptivemul.jl
DA:8,0
DA:9,0
DA:10,0
DA:11,0
DA:12,0
DA:14,0
DA:15,0
DA:17,0
DA:21,0
DA:23,0
DA:24,0
DA:26,0
DA:29,0
DA:36,0
DA:37,0
DA:38,0
DA:39,0
DA:48,0
DA:57,0
DA:59,0
DA:60,0
DA:61,0
DA:62,0
DA:64,0
DA:65,0
DA:67,0
DA:69,0
DA:73,0
DA:75,0
DA:76,0
DA:77,0
DA:79,0
DA:80,0
DA:82,0
LH:0
LF:34
end_of_record
SF:src/automul.jl
DA:16,2
DA:24,1
DA:25,1
DA:27,1
DA:29,1
DA:31,1
DA:32,1
DA:34,1
DA:36,1
DA:38,1
DA:61,2
DA:72,1
DA:73,1
DA:75,1
DA:76,1
DA:77,1
DA:78,1
DA:80,1
DA:81,1
DA:82,1
DA:83,1
DA:85,1
DA:86,1
DA:88,1
DA:89,1
DA:91,1
DA:93,1
DA:95,1
DA:97,1
DA:99,1
DA:100,1
DA:101,10
DA:102,10
DA:103,0
DA:105,10
DA:106,7
DA:107,7
DA:109,3
DA:110,3
DA:113,10
DA:114,1
LH:40
LF:41
end_of_record
SF:src/bak/conversion.jl
DA:4,3
DA:5,3
DA:7,3
DA:8,3
DA:9,3
DA:11,3
DA:20,3
DA:21,6
DA:30,9
DA:32,3
DA:41,3
DA:42,3
DA:43,12
DA:44,24
DA:45,6
DA:47,36
DA:48,21
DA:50,3
DA:56,1
DA:57,1
LH:20
LF:20
end_of_record
SF:src/contract.jl
DA:9,630
DA:13,315
DA:14,16
DA:16,598
DA:18,299
DA:19,299
DA:22,299
DA:26,1700
DA:27,1700
DA:28,1700
DA:30,1700
DA:32,1700
DA:33,824
DA:36,876
DA:37,14001
DA:39,876
DA:40,17237
DA:41,1669
DA:43,17237
DA:44,2459
DA:46,17237
DA:48,876
DA:52,313
DA:53,626
DA:54,10762
DA:55,0
DA:57,2838
DA:58,313
DA:64,818
DA:74,409
DA:75,409
DA:76,754
DA:77,96
DA:80,610
DA:82,313
DA:83,0
DA:86,313
DA:87,313
DA:94,16
DA:105,8
DA:107,8
DA:108,128
DA:109,128
DA:110,16
DA:112,128
DA:114,8
DA:115,0
DA:118,8
DA:119,0
DA:122,8
DA:123,0
DA:125,16
DA:128,8
DA:133,512
DA:137,512
DA:138,9849
DA:139,232
DA:141,232
DA:143,232
DA:145,232
DA:147,232
DA:148,464
DA:150,0
DA:152,232
DA:154,9617
DA:156,280
DA:157,280
DA:159,280
DA:163,8
DA:169,4
DA:172,32
DA:173,1368
DA:174,1088
DA:175,280
DA:176,280
DA:177,280
DA:179,0
DA:182,1112
DA:185,52
DA:186,1120
DA:187,0
DA:189,1168
DA:192,4
DA:193,8
DA:194,48
DA:195,0
DA:197,48
DA:198,280
DA:199,280
DA:200,92
DA:202,4
DA:210,8
DA:220,4
DA:221,4
DA:229,8
DA:243,4
DA:246,564
DA:247,280
DA:248,280
DA:252,4
DA:253,4
DA:254,280
DA:256,0
DA:257,0
DA:261,0
DA:265,284
DA:270,4
DA:271,4
DA:272,280
DA:273,232
DA:275,48
DA:277,280
DA:280,100
DA:281,48
DA:282,8
DA:284,40
DA:285,4
DA:287,76
DA:289,40
DA:293,4
DA:294,8
DA:295,48
DA:305,0
DA:306,0
DA:320,4
DA:321,48
DA:322,96
DA:324,48
DA:326,4
LH:115
LF:129
end_of_record
SF:src/partitionedmps.jl
DA:8,172
DA:9,172
DA:10,172
DA:11,1713
DA:12,3355
DA:13,174
DA:15,1881
DA:18,170
DA:22,20
DA:24,24
DA:26,245
DA:28,67
DA:29,134
DA:30,0
DA:34,134
DA:35,1141
DA:36,2215
DA:37,67
DA:40,67
DA:41,67
DA:48,19
DA:49,19
DA:52,19
DA:58,2
DA:63,0
DA:64,0
DA:65,0
DA:68,643
DA:70,1
DA:71,1
DA:74,1
DA:75,2
DA:81,494
DA:82,494
DA:88,69
DA:89,69
DA:96,3
DA:97,3
DA:100,4
DA:101,2
DA:106,0
DA:107,0
DA:115,1
DA:116,1
DA:125,2
DA:133,1
DA:134,2
DA:135,10
DA:136,19
DA:137,1
DA:140,38
DA:149,19
DA:150,19
DA:153,38
DA:164,19
DA:165,19
DA:166,19
DA:167,73
DA:168,0
DA:170,73
DA:171,4
DA:172,4
DA:175,69
DA:176,52
DA:177,17
DA:178,17
DA:180,0
DA:182,73
DA:183,19
DA:186,14
DA:187,14
DA:190,13
DA:191,13
DA:194,0
DA:195,0
DA:205,14
DA:213,7
DA:214,7
DA:215,7
DA:217,7
DA:219,7
DA:220,19
DA:224,19
DA:225,33
DA:226,5
DA:229,14
DA:230,14
DA:232,7
DA:236,62
DA:239,31
DA:240,1215
DA:244,0
DA:247,0
DA:253,8
DA:256,4
DA:261,0
DA:262,0
DA:271,2
DA:272,2
DA:275,19
DA:276,19
DA:279,6
DA:280,3
LH:89
LF:103
end_of_record
SF:src/patching.jl
DA:7,4088
DA:14,2044
DA:15,0
DA:20,2044
DA:23,2044
DA:27,2040
DA:29,1020
DA:31,1020
DA:32,1020
DA:33,2040
DA:34,2040
DA:42,3060
DA:44,1020
DA:50,1021
DA:51,19447
DA:52,1021
DA:53,0
DA:55,1021
DA:62,0
DA:69,0
DA:72,0
DA:81,2
DA:84,1
DA:85,0
DA:89,1
DA:90,2
DA:91,1
DA:92,0
DA:95,1
DA:96,2
DA:97,2
DA:98,2
DA:99,2
DA:101,0
DA:105,3
DA:106,1
DA:115,0
DA:118,0
LH:28
LF:38
end_of_record
SF:src/projector.jl
DA:8,26110
DA:9,43857
DA:10,122239
DA:11,2
DA:13,226729
DA:14,26108
DA:18,204
DA:19,204
DA:22,1
DA:23,1
DA:26,5484
DA:27,5484
DA:33,2058
DA:34,2058
DA:37,13044
DA:38,13044
DA:41,13044
DA:44,0
DA:46,10176154
DA:47,0
DA:48,315
DA:50,4
DA:51,4
DA:54,4
DA:55,8
DA:58,138932
DA:63,3
DA:64,6
DA:65,3
DA:66,2
DA:68,2
DA:70,1
DA:73,1
DA:78,2282491
DA:79,4564982
DA:80,4989705
DA:81,2268782
DA:83,5441846
DA:84,13709
DA:92,3733
DA:93,3733
DA:94,7466
DA:95,21522
DA:96,21478
DA:98,43044
DA:99,3733
DA:102,0
DA:103,0
DA:105,2270063
DA:106,2270063
DA:109,1031468
DA:110,1031468
DA:116,241
DA:117,241
DA:118,2262195
DA:119,2257126
DA:120,3
DA:123,2267044
DA:124,238
DA:130,0
DA:133,0
DA:134,0
DA:135,0
DA:136,0
DA:139,0
DA:140,0
DA:143,0
DA:144,0
DA:150,8
DA:151,4
DA:152,2
DA:154,4
DA:156,4
DA:157,2
DA:159,6
DA:161,8
DA:162,4
DA:163,0
DA:165,4
DA:166,2
DA:168,2
DA:172,4
DA:174,4
LH:69
LF:83
end_of_record
SF:src/subdomainmps.jl
DA:8,15878
DA:9,15878
DA:12,15878
DA:13,15878
DA:17,1884
DA:19,19279
DA:20,3401
DA:22,0
DA:23,2047
DA:25,15878
DA:26,15878
DA:27,15878
DA:28,24357
DA:29,65671
DA:30,1483
DA:32,122863
DA:33,15878
DA:36,5481
DA:37,5481
DA:41,868
DA:43,269285
DA:44,1256993
DA:48,269285
DA:49,269285
DA:50,1256993
DA:51,0
DA:53,269285
DA:55,269285
DA:58,10383
DA:59,10383
DA:60,10383
DA:61,128
DA:64,10255
DA:69,0
DA:72,0
DA:75,0
DA:78,0
DA:81,3411
DA:82,3411
DA:85,11
DA:88,11
DA:91,142
DA:94,142
DA:97,163876
DA:99,163876
DA:102,15878
DA:103,31756
DA:106,114
DA:107,114
DA:108,114
DA:112,0
DA:113,0
DA:116,10
DA:117,4
DA:123,0
DA:124,0
DA:125,0
DA:127,0
DA:130,0
DA:136,6
DA:137,3
DA:140,34474
DA:141,34474
DA:144,6456
DA:150,2088
DA:151,4176
DA:153,2088
DA:154,2088
DA:155,2088
DA:156,2088
DA:159,6614
DA:160,3307
DA:161,1219
DA:162,2088
DA:163,0
DA:164,0
DA:168,0
DA:169,2088
DA:170,4368
DA:171,2280
DA:175,2088
DA:176,4368
DA:177,2088
DA:179,0
DA:183,2438
DA:186,1219
DA:189,6614
DA:192,3307
DA:198,16
DA:199,16
DA:202,77
DA:203,77
DA:206,0
DA:207,0
DA:210,2974
DA:211,1487
DA:214,93
DA:215,93
DA:216,0
DA:218,93
DA:219,93
DA:222,93
DA:223,93
DA:226,188
DA:229,94
DA:230,94
DA:231,70
DA:232,70
DA:233,70
DA:235,94
DA:236,94
DA:237,70
DA:238,32
DA:239,32
DA:240,8
DA:241,8
DA:244,70
DA:246,94
DA:249,0
DA:250,0
DA:253,188
DA:256,94
DA:259,1
DA:260,1
DA:261,1
DA:263,1
DA:267,1
DA:268,1
DA:269,3
DA:270,0
DA:272,3
DA:274,1
DA:277,42
DA:280,42
DA:281,42
DA:282,371
DA:283,48
DA:284,48
DA:285,48
DA:287,48
DA:289,48
DA:290,700
DA:292,42
DA:294,83
DA:295,201
DA:296,201
DA:297,361
DA:298,42
DA:301,1
DA:302,1
DA:303,1
DA:306,0
DA:307,0
LH:128
LF:153
end_of_record
SF:src/util.jl
DA:2,0
DA:3,0
DA:4,0
DA:6,0
DA:7,0
DA:10,0
DA:11,0
DA:14,0
DA:15,0
DA:18,0
DA:20,0
DA:26,0
DA:28,0
DA:30,0
DA:32,0
DA:33,0
DA:35,0
DA:36,0
DA:38,0
DA:43,0
DA:49,0
DA:55,0
DA:56,0
DA:57,0
DA:58,0
DA:61,146
DA:62,73
DA:63,73
DA:64,73
DA:65,73
DA:66,73
DA:67,146
DA:68,219
DA:69,73
DA:74,114
DA:75,114
DA:77,114
DA:80,114
DA:81,228
DA:82,114
DA:83,114
DA:84,1452
DA:85,2258
DA:86,332
DA:88,3852
DA:89,1926
DA:90,1926
DA:91,1926
DA:92,1926
DA:93,1926
DA:94,1926
DA:95,1926
DA:96,2258
DA:98,1452
DA:99,1338
DA:101,1566
DA:103,1452
DA:104,2790
DA:105,114
DA:106,114
DA:110,11
DA:121,10
DA:124,5
DA:127,5
DA:128,5
DA:129,5
DA:130,0
DA:131,0
DA:133,0
DA:138,5
DA:139,5
DA:140,41
DA:141,41
DA:142,41
DA:143,5
DA:144,36
DA:145,0
DA:147,36
DA:148,36
DA:149,5
DA:152,10
DA:155,5
DA:156,5
DA:157,5
DA:160,2
DA:163,1
DA:165,1
DA:166,1
DA:167,6
DA:168,9
DA:169,12
DA:170,11
DA:172,1
DA:174,1
DA:175,10
DA:176,1
DA:177,0
DA:178,0
DA:181,0
DA:185,1
DA:186,1
DA:187,4
DA:188,40
DA:189,4
DA:190,1
DA:191,3
DA:192,0
DA:195,3
DA:196,3
DA:197,1
DA:200,0
DA:203,0
DA:204,0
DA:205,0
DA:210,96
DA:213,48
DA:214,48
DA:220,1
DA:221,1
DA:222,1
DA:224,1
DA:226,2
DA:227,6
DA:228,3
DA:229,5
DA:231,1
DA:234,48
DA:235,48
DA:236,48
DA:237,48
DA:238,48
DA:239,48
DA:240,96
DA:241,144
DA:242,48
DA:248,0
DA:249,0
DA:250,0
DA:251,0
DA:252,0
DA:253,0
DA:256,0
DA:257,0
DA:258,0
DA:259,0
DA:260,0
DA:261,0
DA:264,2
DA:269,2
DA:270,4
DA:271,20
DA:272,38
DA:273,2
DA:276,20
DA:279,20
DA:280,260
DA:281,300
DA:282,40
DA:283,0
DA:285,20
DA:286,0
DA:288,20
DA:289,20
DA:290,20
DA:291,20
LH:114
LF:165
end_of_record
