SF:src/PartitionedMPSs.jl
DA:16,0
DA:17,47
LH:1
LF:2
end_of_record
SF:src/adaptivemul.jl
DA:8,0
DA:9,0
DA:10,0
DA:11,0
DA:12,0
DA:14,0
DA:15,0
DA:17,0
DA:21,0
DA:23,0
DA:24,0
DA:26,0
DA:29,0
DA:36,0
DA:37,0
DA:38,0
DA:39,0
DA:48,0
DA:57,0
DA:59,0
DA:60,0
DA:61,0
DA:62,0
DA:64,0
DA:65,0
DA:67,0
DA:69,0
DA:73,0
DA:75,0
DA:76,0
DA:77,0
DA:79,0
DA:80,0
DA:82,0
LH:0
LF:34
end_of_record
SF:src/automul.jl
DA:16,2
DA:24,1
DA:25,1
DA:27,1
DA:29,1
DA:31,1
DA:32,1
DA:34,1
DA:36,1
DA:38,1
DA:61,2
DA:72,1
DA:73,1
DA:75,1
DA:76,1
DA:77,1
DA:78,1
DA:80,1
DA:81,1
DA:82,1
DA:83,1
DA:85,1
DA:86,1
DA:88,1
DA:89,1
DA:91,1
DA:93,1
DA:95,1
DA:97,1
DA:99,1
DA:100,1
DA:101,10
DA:102,10
DA:103,0
DA:105,10
DA:106,5
DA:107,5
DA:109,5
DA:110,5
DA:113,10
DA:114,1
LH:40
LF:41
end_of_record
SF:src/bak/conversion.jl
DA:4,3
DA:5,3
DA:7,3
DA:8,3
DA:9,3
DA:11,3
DA:20,3
DA:21,6
DA:30,9
DA:32,3
DA:41,3
DA:42,3
DA:43,12
DA:44,24
DA:45,6
DA:47,36
DA:48,21
DA:50,3
DA:56,1
DA:57,1
LH:20
LF:20
end_of_record
SF:src/contract.jl
DA:9,2198
DA:13,1099
DA:14,800
DA:16,598
DA:18,299
DA:19,299
DA:22,299
DA:26,1676
DA:27,1676
DA:28,1676
DA:30,1676
DA:32,1676
DA:33,800
DA:36,876
DA:37,14001
DA:39,876
DA:40,17237
DA:41,1669
DA:43,17237
DA:44,2459
DA:46,17237
DA:48,876
DA:52,1097
DA:53,2194
DA:54,40906
DA:55,0
DA:57,10582
DA:58,1097
DA:64,2386
DA:74,1193
DA:75,1193
DA:76,2322
DA:77,96
DA:80,1394
DA:82,1097
DA:83,0
DA:86,1097
DA:87,1097
DA:94,112
DA:105,56
DA:107,56
DA:108,1192
DA:109,1192
DA:110,296
DA:112,1192
DA:114,56
DA:115,0
DA:118,56
DA:119,8
DA:122,48
DA:123,4
DA:125,92
DA:128,48
DA:136,8
DA:146,4
DA:147,4
DA:148,0
DA:149,4
DA:150,4
DA:152,0
DA:156,512
DA:160,512
DA:161,9768
DA:162,232
DA:164,232
DA:166,232
DA:168,232
DA:170,232
DA:171,232
DA:172,464
DA:174,0
DA:176,232
DA:178,9536
DA:180,280
DA:181,280
DA:183,280
DA:191,8
DA:202,4
DA:204,32
DA:205,1088
DA:206,280
DA:207,280
DA:208,280
DA:209,280
DA:210,280
DA:212,0
DA:215,1112
DA:217,52
DA:218,1120
DA:219,0
DA:221,1168
DA:224,4
DA:225,8
DA:226,48
DA:227,0
DA:229,48
DA:230,92
DA:232,52
DA:233,48
DA:234,48
DA:239,4
DA:241,4
DA:242,48
DA:243,48
DA:245,48
DA:247,4
DA:250,0
DA:262,0
DA:264,0
DA:265,0
DA:266,0
DA:267,0
DA:268,0
DA:269,0
DA:270,0
DA:272,0
DA:275,0
DA:277,0
DA:278,0
DA:279,0
DA:281,0
DA:283,0
DA:284,0
DA:285,0
DA:286,0
DA:287,0
DA:289,0
DA:290,0
DA:291,0
DA:293,0
DA:300,0
DA:301,0
DA:303,0
DA:304,0
DA:305,0
DA:306,0
DA:308,0
DA:310,0
DA:312,0
DA:314,0
DA:328,0
DA:340,0
DA:341,0
DA:342,0
DA:344,0
DA:346,0
LH:97
LF:146
end_of_record
SF:src/partitionedmps.jl
DA:8,172
DA:9,172
DA:10,172
DA:11,1713
DA:12,3355
DA:13,174
DA:15,1881
DA:18,170
DA:22,20
DA:24,24
DA:26,134
DA:28,67
DA:29,134
DA:30,0
DA:32,134
DA:33,1141
DA:34,2215
DA:35,67
DA:38,67
DA:39,67
DA:46,19
DA:47,19
DA:50,19
DA:56,2
DA:61,0
DA:62,0
DA:63,0
DA:66,643
DA:68,1
DA:69,1
DA:72,1
DA:73,2
DA:79,494
DA:80,494
DA:86,69
DA:87,69
DA:94,3
DA:95,3
DA:98,4
DA:99,2
DA:104,0
DA:105,0
DA:113,1
DA:114,1
DA:123,2
DA:131,1
DA:132,2
DA:133,10
DA:134,19
DA:135,1
DA:138,38
DA:147,19
DA:148,19
DA:151,38
DA:162,19
DA:163,19
DA:164,19
DA:165,73
DA:166,0
DA:168,73
DA:169,4
DA:170,4
DA:173,69
DA:174,52
DA:175,17
DA:176,17
DA:178,0
DA:180,73
DA:181,19
DA:184,14
DA:185,14
DA:188,13
DA:189,13
DA:192,0
DA:193,0
DA:203,14
DA:211,7
DA:212,7
DA:213,7
DA:215,7
DA:217,7
DA:218,19
DA:222,19
DA:223,33
DA:224,5
DA:227,14
DA:228,14
DA:230,7
DA:234,62
DA:237,31
DA:238,1215
DA:242,0
DA:245,0
DA:251,8
DA:254,4
DA:259,0
DA:260,0
DA:269,2
DA:270,2
DA:273,19
DA:274,19
DA:277,6
DA:278,3
LH:89
LF:103
end_of_record
SF:src/patching.jl
DA:7,4088
DA:14,2044
DA:15,0
DA:20,2044
DA:23,2044
DA:27,2040
DA:29,1020
DA:31,1020
DA:32,1020
DA:33,2040
DA:34,2040
DA:42,3060
DA:44,1020
DA:50,1021
DA:51,19447
DA:52,1021
DA:53,0
DA:55,1021
DA:62,0
DA:69,0
DA:72,0
DA:81,2
DA:84,1
DA:85,0
DA:89,1
DA:90,2
DA:91,1
DA:92,0
DA:95,1
DA:96,2
DA:97,2
DA:98,2
DA:99,2
DA:101,0
DA:105,3
DA:106,1
DA:115,0
DA:118,0
LH:28
LF:38
end_of_record
SF:src/projector.jl
DA:8,27958
DA:9,48324
DA:10,136792
DA:11,2
DA:13,253216
DA:14,27956
DA:18,204
DA:19,204
DA:22,1
DA:23,1
DA:26,5484
DA:27,5484
DA:33,2058
DA:36,17655
DA:37,17655
DA:40,17655
DA:43,0
DA:45,9382945
DA:46,0
DA:47,1099
DA:49,4
DA:50,4
DA:53,4
DA:54,8
DA:57,316637
DA:62,3
DA:63,6
DA:64,3
DA:65,2
DA:67,2
DA:69,1
DA:72,1
DA:77,2285826
DA:78,4571652
DA:79,4584450
DA:80,2270269
DA:82,4628362
DA:83,15557
DA:91,3733
DA:92,3733
DA:93,7466
DA:94,21781
DA:95,21737
DA:97,43562
DA:98,3733
DA:101,0
DA:102,0
DA:104,2271830
DA:105,2271830
DA:108,1150636
DA:109,1150636
DA:115,241
DA:116,241
DA:117,2262195
DA:118,2257126
DA:119,3
DA:122,2267044
DA:123,238
DA:129,0
DA:132,0
DA:133,0
DA:134,0
DA:135,0
DA:138,0
DA:139,0
DA:142,0
DA:143,0
DA:149,8
DA:150,4
DA:151,2
DA:153,4
DA:155,4
DA:156,2
DA:158,6
DA:160,8
DA:161,4
DA:162,0
DA:164,4
DA:165,2
DA:167,2
DA:171,4
DA:173,4
LH:68
LF:82
end_of_record
SF:src/subdomainmps.jl
DA:8,17446
DA:9,17446
DA:12,17446
DA:13,17446
DA:17,1884
DA:19,20799
DA:20,3353
DA:22,0
DA:23,2047
DA:25,17446
DA:26,17446
DA:27,17446
DA:28,28007
DA:29,77805
DA:30,5355
DA:32,145049
DA:33,17446
DA:36,5481
DA:37,5481
DA:41,868
DA:43,300645
DA:44,1407521
DA:48,300645
DA:49,300645
DA:50,1407521
DA:51,0
DA:53,300645
DA:55,300645
DA:58,11951
DA:59,11951
DA:60,11951
DA:61,128
DA:64,11823
DA:69,0
DA:72,0
DA:75,0
DA:78,0
DA:81,3411
DA:82,3411
DA:85,11
DA:88,11
DA:91,142
DA:94,142
DA:97,179556
DA:99,179556
DA:102,17446
DA:103,34892
DA:106,114
DA:107,114
DA:108,114
DA:112,0
DA:113,0
DA:116,10
DA:117,4
DA:123,0
DA:124,0
DA:125,0
DA:127,0
DA:130,0
DA:136,6
DA:137,3
DA:140,34474
DA:141,34474
DA:144,6456
DA:150,2088
DA:151,4176
DA:153,2088
DA:154,2088
DA:155,2088
DA:156,2088
DA:159,6614
DA:160,3307
DA:161,1219
DA:162,2088
DA:163,0
DA:164,0
DA:168,0
DA:169,2088
DA:170,4368
DA:171,2280
DA:175,2088
DA:176,4368
DA:177,2088
DA:179,0
DA:183,2438
DA:186,1219
DA:189,6614
DA:192,3307
DA:198,16
DA:199,16
DA:202,77
DA:203,77
DA:206,0
DA:207,0
DA:210,2974
DA:211,1487
DA:214,93
DA:215,93
DA:216,0
DA:218,93
DA:219,93
DA:222,93
DA:223,93
DA:226,188
DA:229,94
DA:230,94
DA:231,70
DA:232,70
DA:233,70
DA:235,94
DA:236,94
DA:237,70
DA:238,32
DA:239,32
DA:240,8
DA:241,8
DA:244,70
DA:246,94
DA:249,0
DA:250,0
DA:253,188
DA:256,94
DA:259,1
DA:260,1
DA:261,1
DA:263,1
DA:267,1
DA:268,1
DA:269,3
DA:270,0
DA:272,3
DA:274,1
DA:277,42
DA:280,42
DA:281,42
DA:282,371
DA:283,48
DA:284,48
DA:285,48
DA:287,48
DA:289,48
DA:290,700
DA:292,42
DA:294,83
DA:295,201
DA:296,201
DA:297,361
DA:298,42
DA:301,1
DA:302,1
DA:303,1
DA:306,0
DA:307,0
LH:128
LF:153
end_of_record
SF:src/util.jl
DA:2,0
DA:3,0
DA:4,0
DA:6,0
DA:7,0
DA:10,0
DA:11,0
DA:14,0
DA:15,0
DA:18,0
DA:20,0
DA:26,0
DA:28,0
DA:30,0
DA:32,0
DA:33,0
DA:35,0
DA:36,0
DA:38,0
DA:43,0
DA:49,0
DA:55,0
DA:56,0
DA:57,0
DA:58,0
DA:61,146
DA:62,73
DA:63,73
DA:64,73
DA:65,73
DA:66,73
DA:67,146
DA:68,219
DA:69,73
DA:74,114
DA:75,114
DA:77,114
DA:80,114
DA:81,228
DA:82,114
DA:83,114
DA:84,1452
DA:85,2258
DA:86,332
DA:88,3852
DA:89,1926
DA:90,1926
DA:91,1926
DA:92,1926
DA:93,1926
DA:94,1926
DA:95,1926
DA:96,2258
DA:98,1452
DA:99,1338
DA:101,1566
DA:103,1452
DA:104,2790
DA:105,114
DA:106,114
DA:110,11
DA:121,10
DA:124,5
DA:127,5
DA:128,5
DA:129,5
DA:130,0
DA:131,0
DA:133,0
DA:138,5
DA:139,5
DA:140,41
DA:141,41
DA:142,41
DA:143,5
DA:144,36
DA:145,0
DA:147,36
DA:148,36
DA:149,5
DA:152,10
DA:155,5
DA:156,5
DA:157,5
DA:160,2
DA:163,1
DA:165,1
DA:166,1
DA:167,6
DA:168,9
DA:169,12
DA:170,11
DA:172,1
DA:174,1
DA:175,10
DA:176,1
DA:177,0
DA:178,0
DA:181,0
DA:185,1
DA:186,1
DA:187,4
DA:188,40
DA:189,4
DA:190,1
DA:191,3
DA:192,0
DA:195,3
DA:196,3
DA:197,1
DA:200,0
DA:203,0
DA:204,0
DA:205,0
DA:210,96
DA:213,48
DA:214,48
DA:220,1
DA:221,1
DA:222,1
DA:224,1
DA:226,2
DA:227,6
DA:228,3
DA:229,5
DA:231,1
DA:234,48
DA:235,48
DA:236,48
DA:237,48
DA:238,48
DA:239,48
DA:240,96
DA:241,144
DA:242,48
DA:248,0
DA:249,0
DA:250,0
DA:251,0
DA:252,0
DA:253,0
DA:256,0
DA:257,0
DA:258,0
DA:259,0
DA:260,0
DA:261,0
DA:264,2
DA:269,2
DA:270,4
DA:271,20
DA:272,38
DA:273,2
DA:276,20
DA:279,20
DA:280,260
DA:281,300
DA:282,40
DA:283,0
DA:285,20
DA:286,0
DA:288,20
DA:289,20
DA:290,20
DA:291,20
LH:114
LF:165
end_of_record
